/om2/user/jackking/anaconda/envs/mtfinal/bin/python
Traceback (most recent call last):
  File "/om2/user/jackking/anaconda/envs/mtfinal/lib/python3.9/site-packages/torch/__init__.py", line 172, in _load_global_deps
    ctypes.CDLL(lib_path, mode=ctypes.RTLD_GLOBAL)
  File "/om2/user/jackking/anaconda/envs/mtfinal/lib/python3.9/ctypes/__init__.py", line 382, in __init__
    self._handle = _dlopen(self._name, mode)
OSError: /om2/user/jackking/anaconda/envs/mtfinal/lib/python3.9/site-packages/torch/lib/../../nvidia/cublas/lib/libcublas.so.11: symbol cublasLtGetStatusString, version libcublasLt.so.11 not defined in file libcublasLt.so.11 with link time reference

During handling of the above exception, another exception occurred:

Traceback (most recent call last):
  File "/om2/user/jackking/anaconda/envs/mtfinal/bin/accelerate", line 5, in <module>
    from accelerate.commands.accelerate_cli import main
  File "/om2/user/jackking/anaconda/envs/mtfinal/lib/python3.9/site-packages/accelerate/__init__.py", line 3, in <module>
    from .accelerator import Accelerator
  File "/om2/user/jackking/anaconda/envs/mtfinal/lib/python3.9/site-packages/accelerate/accelerator.py", line 28, in <module>
    import torch
  File "/om2/user/jackking/anaconda/envs/mtfinal/lib/python3.9/site-packages/torch/__init__.py", line 217, in <module>
    _load_global_deps()
  File "/om2/user/jackking/anaconda/envs/mtfinal/lib/python3.9/site-packages/torch/__init__.py", line 178, in _load_global_deps
    _preload_cuda_deps()
  File "/om2/user/jackking/anaconda/envs/mtfinal/lib/python3.9/site-packages/torch/__init__.py", line 158, in _preload_cuda_deps
    ctypes.CDLL(cublas_path)
  File "/om2/user/jackking/anaconda/envs/mtfinal/lib/python3.9/ctypes/__init__.py", line 382, in __init__
    self._handle = _dlopen(self._name, mode)
OSError: /om2/user/jackking/anaconda/envs/mtfinal/lib/python3.9/site-packages/nvidia/cublas/lib/libcublas.so.11: symbol cublasLtGetStatusString, version libcublasLt.so.11 not defined in file libcublasLt.so.11 with link time reference
